"16:19.22.648 [main]  INFO  api.test.PetTests -  ************* Deleting the pet ****************
""16:19.22.839 [main]  INFO  api.test.PetTests -  ************* Pet is deleted ****************
""16:19.22.904 [main]  INFO  api.test.UserTests2 -  -----------creating user--------------
""16:19.23.092 [main]  INFO  api.test.UserTests2 -  -----------user is created--------------
""16:19.23.095 [main]  INFO  api.test.UserTests2 -  -----------getting user info--------------
""16:19.23.258 [main]  INFO  api.test.UserTests2 -  -----------user info is displayed--------------
""16:19.23.259 [main]  INFO  api.test.UserTests2 -  -----------updating user info--------------
""16:19.23.436 [main]  INFO  api.test.UserTests2 -  -----------user is updated--------------
""16:19.23.598 [main]  INFO  api.test.UserTests2 -  -----------deleting user--------------
""16:19.23.758 [main]  INFO  api.test.UserTests2 -  -----------user is deleted--------------
""16:19.23.767 [main]  INFO  api.test.StoreTests -  ************* Creating a order for pet ****************
""16:19.23.946 [main]  INFO  api.test.StoreTests -  ************* Pet order is created ****************
""16:19.23.947 [main]  INFO  api.test.StoreTests -  ************* Reading the pet order details ****************
""16:19.24.152 [main]  INFO  api.test.StoreTests -  ************* Pet order details are displayed ****************
""16:19.24.154 [main]  INFO  api.test.StoreTests -  ************* Deleting the order ****************
""16:19.24.320 [main]  INFO  api.test.StoreTests -  ************* Order is deleted ****************
""16:19.48.870 [main]  INFO  api.test.PetTests -  ************* Creating pet ****************
""16:19.51.750 [main]  INFO  api.test.PetTests -  ************* Pet is created ****************
""16:19.51.763 [main]  INFO  api.test.PetTests -  ************* Reading the pet details ****************
""16:19.51.975 [main]  INFO  api.test.PetTests -  ************* Pet details are displayed ****************
""16:19.51.976 [main]  INFO  api.test.PetTests -  ************* Updating the pet details ****************
""16:19.52.142 [main]  INFO  api.test.PetTests -  ************* Pet details are updated ****************
""16:19.52.304 [main]  INFO  api.test.PetTests -  ************* Deleting the pet ****************
""16:19.52.571 [main]  INFO  api.test.PetTests -  ************* Pet is deleted ****************
""16:19.52.647 [main]  INFO  api.test.UserTests2 -  -----------creating user--------------
""16:19.52.877 [main]  INFO  api.test.UserTests2 -  -----------user is created--------------
""16:19.52.878 [main]  INFO  api.test.UserTests2 -  -----------getting user info--------------
""16:19.53.046 [main]  INFO  api.test.UserTests2 -  -----------user info is displayed--------------
""16:19.53.048 [main]  INFO  api.test.UserTests2 -  -----------updating user info--------------
""16:19.53.219 [main]  INFO  api.test.UserTests2 -  -----------user is updated--------------
""16:19.53.376 [main]  INFO  api.test.UserTests2 -  -----------deleting user--------------
""16:19.53.565 [main]  INFO  api.test.UserTests2 -  -----------user is deleted--------------
""16:19.53.571 [main]  INFO  api.test.StoreTests -  ************* Creating a order for pet ****************
""16:19.53.746 [main]  INFO  api.test.StoreTests -  ************* Pet order is created ****************
""16:19.53.747 [main]  INFO  api.test.StoreTests -  ************* Reading the pet order details ****************
""16:19.54.007 [main]  INFO  api.test.StoreTests -  ************* Pet order details are displayed ****************
""16:19.54.008 [main]  INFO  api.test.StoreTests -  ************* Deleting the order ****************
""16:19.54.158 [main]  INFO  api.test.StoreTests -  ************* Order is deleted ****************
""16:20.12.256 [main]  INFO  api.test.PetTests -  ************* Creating pet ****************
""16:20.15.438 [main]  INFO  api.test.PetTests -  ************* Pet is created ****************
""16:20.15.453 [main]  INFO  api.test.PetTests -  ************* Reading the pet details ****************
""16:20.15.690 [main]  INFO  api.test.PetTests -  ************* Pet details are displayed ****************
""16:20.15.705 [main]  INFO  api.test.PetTests -  ************* Updating the pet details ****************
""16:20.15.889 [main]  INFO  api.test.PetTests -  ************* Pet details are updated ****************
""16:20.16.077 [main]  INFO  api.test.PetTests -  ************* Deleting the pet ****************
""16:20.16.234 [main]  INFO  api.test.PetTests -  ************* Pet is deleted ****************
""16:20.16.313 [main]  INFO  api.test.UserTests2 -  -----------creating user--------------
""16:20.16.517 [main]  INFO  api.test.UserTests2 -  -----------user is created--------------
""16:20.16.517 [main]  INFO  api.test.UserTests2 -  -----------getting user info--------------
""16:20.16.689 [main]  INFO  api.test.UserTests2 -  -----------user info is displayed--------------
""16:20.16.689 [main]  INFO  api.test.UserTests2 -  -----------updating user info--------------
""16:20.16.865 [main]  INFO  api.test.UserTests2 -  -----------user is updated--------------
""16:20.17.015 [main]  INFO  api.test.UserTests2 -  -----------deleting user--------------
""16:20.17.235 [main]  INFO  api.test.UserTests2 -  -----------user is deleted--------------
""16:20.17.266 [main]  INFO  api.test.StoreTests -  ************* Creating a order for pet ****************
""16:20.17.439 [main]  INFO  api.test.StoreTests -  ************* Pet order is created ****************
""16:20.17.439 [main]  INFO  api.test.StoreTests -  ************* Reading the pet order details ****************
""16:20.17.643 [main]  INFO  api.test.StoreTests -  ************* Pet order details are displayed ****************
""16:20.17.643 [main]  INFO  api.test.StoreTests -  ************* Deleting the order ****************
""16:20.17.815 [main]  INFO  api.test.StoreTests -  ************* Order is deleted ****************
""13:53.01.790 [main]  INFO  api.test.PetTests -  ************* Creating pet ****************
""13:53.04.762 [main]  INFO  api.test.PetTests -  ************* Pet is created ****************
""13:53.04.777 [main]  INFO  api.test.PetTests -  ************* Reading the pet details ****************
""13:53.05.028 [main]  INFO  api.test.PetTests -  ************* Pet details are displayed ****************
""13:53.05.028 [main]  INFO  api.test.PetTests -  ************* Updating the pet details ****************
""13:53.05.218 [main]  INFO  api.test.PetTests -  ************* Pet details are updated ****************
""13:53.05.391 [main]  INFO  api.test.PetTests -  ************* Deleting the pet ****************
""13:53.05.558 [main]  INFO  api.test.PetTests -  ************* Pet is deleted ****************
""13:53.05.621 [main]  INFO  api.test.UserTests2 -  -----------creating user--------------
""13:53.05.841 [main]  INFO  api.test.UserTests2 -  -----------user is created--------------
""13:53.05.841 [main]  INFO  api.test.UserTests2 -  -----------getting user info--------------
""13:53.06.053 [main]  INFO  api.test.UserTests2 -  -----------user info is displayed--------------
""13:53.06.053 [main]  INFO  api.test.UserTests2 -  -----------updating user info--------------
""13:53.06.430 [main]  INFO  api.test.UserTests2 -  -----------user is updated--------------
""13:53.06.613 [main]  INFO  api.test.UserTests2 -  -----------deleting user--------------
""13:53.06.779 [main]  INFO  api.test.UserTests2 -  -----------user is deleted--------------
""13:53.06.794 [main]  INFO  api.test.StoreTests -  ************* Creating a order for pet ****************
""13:53.06.999 [main]  INFO  api.test.StoreTests -  ************* Pet order is created ****************
""13:53.06.999 [main]  INFO  api.test.StoreTests -  ************* Reading the pet order details ****************
""13:53.07.211 [main]  INFO  api.test.StoreTests -  ************* Pet order details are displayed ****************
""13:53.07.211 [main]  INFO  api.test.StoreTests -  ************* Deleting the order ****************
""13:53.07.368 [main]  INFO  api.test.StoreTests -  ************* Order is deleted ****************
"